<?xml version="1.0" encoding="UTF-8"?>
<!-- Generated by org.testng.reporters.JUnitXMLReporter -->
<testsuite hostname="BAL3EST1GTT20LJ" ignored="1" name="Default test" tests="1" failures="0" timestamp="03 四月 2018 07:27:35 GMT" time="10.749" errors="0">
  <testcase name="test02" time="10.722" classname="com.grj.javatest.awing.TestGUI"/>
  <testcase name="test01" time="0.0" classname="com.grj.javatest.awing.TestGUI">
    <ignored/>
  </testcase> <!-- test01 -->
</testsuite> <!-- Default test -->
